1548886410841	mozrunner::runner	INFO	Running command: "/usr/bin/firefox" "-marionette" "-foreground" "-no-remote" "-profile" "/tmp/rust_mozprofile.OuxYWlo4Fvxj"
1548886412186	addons.webextension.screenshots@mozilla.org	WARN	Loading extension 'screenshots@mozilla.org': Reading manifest: Invalid host permission: resource://pdf.js/
1548886412186	addons.webextension.screenshots@mozilla.org	WARN	Loading extension 'screenshots@mozilla.org': Reading manifest: Invalid host permission: about:reader*
1548886416520	Marionette	INFO	Listening on port 32983
1548886416575	Marionette	WARN	TLS certificate errors will be ignored for this session

###!!! [Child][RunMessage] Error: Channel closing: too late to send/recv, messages will be lost

[Parent 27437, Gecko_IOThread] WARNING: pipe error (70): Connection reset by peer: file /build/firefox-wWf_B4/firefox-64.0+build3/ipc/chromium/src/chrome/common/ipc_channel_posix.cc, line 363
[Parent 27437, Gecko_IOThread] WARNING: pipe error (86): Connection reset by peer: file /build/firefox-wWf_B4/firefox-64.0+build3/ipc/chromium/src/chrome/common/ipc_channel_posix.cc, line 363
1548886428411	Marionette	INFO	Stopped listening on port 32983
1548886812303	mozrunner::runner	INFO	Running command: "/usr/bin/firefox" "-marionette" "-foreground" "-no-remote" "-profile" "/tmp/rust_mozprofile.SUHeOcnWY6Mu"
1548886812805	addons.webextension.screenshots@mozilla.org	WARN	Loading extension 'screenshots@mozilla.org': Reading manifest: Invalid host permission: resource://pdf.js/
1548886812805	addons.webextension.screenshots@mozilla.org	WARN	Loading extension 'screenshots@mozilla.org': Reading manifest: Invalid host permission: about:reader*
1548886815801	Marionette	INFO	Listening on port 38313
1548886815834	Marionette	WARN	TLS certificate errors will be ignored for this session
[Parent 28119, Gecko_IOThread] WARNING: pipe error (78): Connection reset by peer: file /build/firefox-wWf_B4/firefox-64.0+build3/ipc/chromium/src/chrome/common/ipc_channel_posix.cc, line 363
[Parent 28119, Gecko_IOThread] WARNING: pipe error (81): Connection reset by peer: file /build/firefox-wWf_B4/firefox-64.0+build3/ipc/chromium/src/chrome/common/ipc_channel_posix.cc, line 363
1548886828546	Marionette	INFO	Stopped listening on port 38313
1548886945636	mozrunner::runner	INFO	Running command: "/usr/bin/firefox" "-marionette" "-foreground" "-no-remote" "-profile" "/tmp/rust_mozprofile.TQzgvMWBzyuM"
1548886946137	addons.webextension.screenshots@mozilla.org	WARN	Loading extension 'screenshots@mozilla.org': Reading manifest: Invalid host permission: resource://pdf.js/
1548886946138	addons.webextension.screenshots@mozilla.org	WARN	Loading extension 'screenshots@mozilla.org': Reading manifest: Invalid host permission: about:reader*
1548886949213	Marionette	INFO	Listening on port 45641
1548886949257	Marionette	WARN	TLS certificate errors will be ignored for this session
1548887020454	mozrunner::runner	INFO	Running command: "/usr/bin/firefox" "-marionette" "-foreground" "-no-remote" "-profile" "/tmp/rust_mozprofile.U5uUa54U4vm6"
1548887020967	addons.webextension.screenshots@mozilla.org	WARN	Loading extension 'screenshots@mozilla.org': Reading manifest: Invalid host permission: resource://pdf.js/
1548887020967	addons.webextension.screenshots@mozilla.org	WARN	Loading extension 'screenshots@mozilla.org': Reading manifest: Invalid host permission: about:reader*
1548887023857	Marionette	INFO	Listening on port 36591
1548887023886	Marionette	WARN	TLS certificate errors will be ignored for this session
1548887054485	mozrunner::runner	INFO	Running command: "/usr/bin/firefox" "-marionette" "-foreground" "-no-remote" "-profile" "/tmp/rust_mozprofile.0YmkElWQvyS3"
1548887055002	addons.webextension.screenshots@mozilla.org	WARN	Loading extension 'screenshots@mozilla.org': Reading manifest: Invalid host permission: resource://pdf.js/
1548887055002	addons.webextension.screenshots@mozilla.org	WARN	Loading extension 'screenshots@mozilla.org': Reading manifest: Invalid host permission: about:reader*
1548887058059	Marionette	INFO	Listening on port 34181
1548887058113	Marionette	WARN	TLS certificate errors will be ignored for this session

###!!! [Child][RunMessage] Error: Channel closing: too late to send/recv, messages will be lost

[Parent 28992, Gecko_IOThread] WARNING: pipe error (78): Connection reset by peer: file /build/firefox-wWf_B4/firefox-64.0+build3/ipc/chromium/src/chrome/common/ipc_channel_posix.cc, line 363
[Parent 28992, Gecko_IOThread] WARNING: pipe error (92): Connection reset by peer: file /build/firefox-wWf_B4/firefox-64.0+build3/ipc/chromium/src/chrome/common/ipc_channel_posix.cc, line 363
[Parent 28992, Gecko_IOThread] WARNING: pipe error (129): Connection reset by peer: file /build/firefox-wWf_B4/firefox-64.0+build3/ipc/chromium/src/chrome/common/ipc_channel_posix.cc, line 363
1548887091910	Marionette	INFO	Stopped listening on port 34181
console.error: BroadcastService: 
  receivedBroadcastMessage: handler for
  remote-settings/monitor_changes
  threw error:
  Message: Error: Polling for changes failed: NetworkError when attempting to fetch resource..
  Stack:
    remoteSettingsFunction/remoteSettings.pollChanges@resource://services-settings/remote-settings.js:750:13

console.error: BroadcastService: 
  receivedBroadcastMessage: handler for
  remote-settings/monitor_changes
  threw error:
  Message: Error: Polling for changes failed: NetworkError when attempting to fetch resource..
  Stack:
    remoteSettingsFunction/remoteSettings.pollChanges@resource://services-settings/remote-settings.js:750:13

1548887377445	mozrunner::runner	INFO	Running command: "/usr/bin/firefox" "-marionette" "-foreground" "-no-remote" "-profile" "/tmp/rust_mozprofile.ICcOoAGq4sYD"
1548887377966	addons.webextension.screenshots@mozilla.org	WARN	Loading extension 'screenshots@mozilla.org': Reading manifest: Invalid host permission: resource://pdf.js/
1548887377966	addons.webextension.screenshots@mozilla.org	WARN	Loading extension 'screenshots@mozilla.org': Reading manifest: Invalid host permission: about:reader*
1548887381463	Marionette	INFO	Listening on port 34907
1548887381576	Marionette	WARN	TLS certificate errors will be ignored for this session
[Parent 28724, Gecko_IOThread] WARNING: pipe error (81): Connection reset by peer: file /build/firefox-wWf_B4/firefox-64.0+build3/ipc/chromium/src/chrome/common/ipc_channel_posix.cc, line 363
[Parent 28724, Gecko_IOThread] WARNING: pipe error (78): Connection reset by peer: file /build/firefox-wWf_B4/firefox-64.0+build3/ipc/chromium/src/chrome/common/ipc_channel_posix.cc, line 363
1548887386685	Marionette	INFO	Stopped listening on port 36591
Marionette threw an error: TypeError: this.curBrowser.contentBrowser is null
GeckoDriver.prototype.get@chrome://marionette/content/driver.js:1083:3

[Parent 29564, Gecko_IOThread] WARNING: pipe error (113): Connection reset by peer: file /build/firefox-wWf_B4/firefox-64.0+build3/ipc/chromium/src/chrome/common/ipc_channel_posix.cc, line 363
[Parent 29564, Gecko_IOThread] WARNING: pipe error (78): Connection reset by peer: file /build/firefox-wWf_B4/firefox-64.0+build3/ipc/chromium/src/chrome/common/ipc_channel_posix.cc, line 363
1548887533669	Marionette	INFO	Stopped listening on port 34907
1548887538659	Marionette	INFO	Stopped listening on port 45641
1548887544967	mozrunner::runner	INFO	Running command: "/usr/bin/firefox" "-marionette" "-foreground" "-no-remote" "-profile" "/tmp/rust_mozprofile.JSOwlxG2Qjbl"
1548887545501	addons.webextension.screenshots@mozilla.org	WARN	Loading extension 'screenshots@mozilla.org': Reading manifest: Invalid host permission: resource://pdf.js/
1548887545502	addons.webextension.screenshots@mozilla.org	WARN	Loading extension 'screenshots@mozilla.org': Reading manifest: Invalid host permission: about:reader*
1548887548734	Marionette	INFO	Listening on port 42075
1548887548791	Marionette	WARN	TLS certificate errors will be ignored for this session
[Parent 29983, Gecko_IOThread] WARNING: pipe error (78): Connection reset by peer: file /build/firefox-wWf_B4/firefox-64.0+build3/ipc/chromium/src/chrome/common/ipc_channel_posix.cc, line 363
1548887584775	Marionette	INFO	Stopped listening on port 42075
1548887819251	mozrunner::runner	INFO	Running command: "/usr/bin/firefox" "-marionette" "-foreground" "-no-remote" "-profile" "/tmp/rust_mozprofile.RFcBQ3rFaBq0"
1548887819768	addons.webextension.screenshots@mozilla.org	WARN	Loading extension 'screenshots@mozilla.org': Reading manifest: Invalid host permission: resource://pdf.js/
1548887819768	addons.webextension.screenshots@mozilla.org	WARN	Loading extension 'screenshots@mozilla.org': Reading manifest: Invalid host permission: about:reader*
1548887822803	Marionette	INFO	Listening on port 39575
1548887822864	Marionette	WARN	TLS certificate errors will be ignored for this session
[Parent 30417, Gecko_IOThread] WARNING: pipe error (81): Connection reset by peer: file /build/firefox-wWf_B4/firefox-64.0+build3/ipc/chromium/src/chrome/common/ipc_channel_posix.cc, line 363
[Parent 30417, Gecko_IOThread] WARNING: pipe error (110): Connection reset by peer: file /build/firefox-wWf_B4/firefox-64.0+build3/ipc/chromium/src/chrome/common/ipc_channel_posix.cc, line 363
[Parent 30417, Gecko_IOThread] WARNING: pipe error (78): Connection reset by peer: file /build/firefox-wWf_B4/firefox-64.0+build3/ipc/chromium/src/chrome/common/ipc_channel_posix.cc, line 363
1548887964607	Marionette	INFO	Stopped listening on port 39575
1548887990573	mozrunner::runner	INFO	Running command: "/usr/bin/firefox" "-marionette" "-foreground" "-no-remote" "-profile" "/tmp/rust_mozprofile.59ZocEcCygcQ"
1548887991072	addons.webextension.screenshots@mozilla.org	WARN	Loading extension 'screenshots@mozilla.org': Reading manifest: Invalid host permission: resource://pdf.js/
1548887991072	addons.webextension.screenshots@mozilla.org	WARN	Loading extension 'screenshots@mozilla.org': Reading manifest: Invalid host permission: about:reader*
1548887994191	Marionette	INFO	Listening on port 37515
1548887994293	Marionette	WARN	TLS certificate errors will be ignored for this session
[Parent 30754, Gecko_IOThread] WARNING: pipe error (78): Connection reset by peer: file /build/firefox-wWf_B4/firefox-64.0+build3/ipc/chromium/src/chrome/common/ipc_channel_posix.cc, line 363
[Parent 30754, Gecko_IOThread] WARNING: pipe error (92): Connection reset by peer: file /build/firefox-wWf_B4/firefox-64.0+build3/ipc/chromium/src/chrome/common/ipc_channel_posix.cc, line 363
1548888026925	Marionette	INFO	Stopped listening on port 37515
